<?xml version="1.0" encoding="utf-8"?><testsuites name="pytest tests"><testsuite name="pytest" errors="0" failures="0" skipped="0" tests="36" time="0.217" timestamp="2026-09-06T19:24:55.679797+05:30" hostname="Shivams-MacBook-Air.local"><testcase classname="tests.api.test_authentication" name="test_admin_can_login" time="0.016" /><testcase classname="tests.api.test_authentication" name="test_get_users_without_token" time="0.004" /><testcase classname="tests.api.test_authentication" name="test_invalid_token" time="0.005" /><testcase classname="tests.api.test_health" name="test_health_check" time="0.003" /><testcase classname="tests.api.test_order_schema" name="test_get_order_response_schema" time="0.011" /><testcase classname="tests.api.test_user_schema" name="test_get_user_response_schema" time="0.007" /><testcase classname="tests.concurrency.test_concurrent_updates" name="test_concurrent_order_updates" time="0.017" /><testcase classname="tests.concurrency.test_lock_ownership" name="test_locked_order_reject_other_user" time="0.017" /><testcase classname="tests.negative.test_authentication_failure" name="test_missing_token" time="0.001" /><testcase classname="tests.negative.test_authentication_failure" name="test_invalid_token" time="0.002" /><testcase classname="tests.negative.test_authentication_failure" name="test_malformed_token" time="0.002" /><testcase classname="tests.negative.test_invalid_parameters" name="test_get_nonexistent_order" time="0.005" /><testcase classname="tests.negative.test_invalid_parameters" name="test_get_nonexistent_user" time="0.006" /><testcase classname="tests.negative.test_invalid_payloads" name="test_create_order_missing_customer_name" time="0.004" /><testcase classname="tests.negative.test_invalid_payloads" name="test_create_order_invalid_customer_name_type" time="0.004" /><testcase classname="tests.negative.test_invalid_payloads" name="test_update_order_missing_version" time="0.008" /><testcase classname="tests.negative.test_login_failures" name="test_invalid_username" time="0.002" /><testcase classname="tests.negative.test_login_failures" name="test_invalid_password" time="0.002" /><testcase classname="tests.network.test_dns_resolution" name="test_localhost_dns_resolution" time="0.000" /><testcase classname="tests.network.test_tcp_connectivity" name="test_api_tcp_connectivity" time="0.000" /><testcase classname="tests.network.test_tcp_connectivity" name="test_unreachable_port" time="0.000" /><testcase classname="tests.security.test_bola" name="test_user_can_access_own_resource" time="0.005" /><testcase classname="tests.security.test_bola" name="test_user_cannot_access_another_users_resource" time="0.005" /><testcase classname="tests.security.test_broken_authentication" name="test_missing_authentication_token" time="0.002" /><testcase classname="tests.security.test_broken_authentication" name="test_invalid_jwt" time="0.002" /><testcase classname="tests.security.test_broken_authentication" name="test_malformed_jwt" time="0.002" /><testcase classname="tests.security.test_broken_authentication" name="test_tampered_jwt" time="0.004" /><testcase classname="tests.security.test_broken_authentication" name="test_token_signed_with_wrong_secret" time="0.002" /><testcase classname="tests.security.test_broken_authentication" name="test_expired_jwt_error_message" time="0.002" /><testcase classname="tests.security.test_rate_limiting" name="test_rate_limit" time="0.008" /><testcase classname="tests.security.test_rbac" name="test_admin_can_access_users" time="0.005" /><testcase classname="tests.security.test_rbac" name="test_manager_can_access_users" time="0.005" /><testcase classname="tests.security.test_rbac" name="test_user_can_access_users" time="0.005" /><testcase classname="tests.security.test_rbac" name="test_readonly_can_access_users" time="0.004" /><testcase classname="tests.security.test_rbac" name="test_readonly_cannot_delete_user" time="0.005" /><testcase classname="tests.security.test_rbac" name="test_admin_can_delete_user" time="0.005" /></testsuite></testsuites>